<?xml version="1.0" encoding="UTF-8"?>
<!-- Generated by org.testng.reporters.JUnitReportReporter -->
<testsuite hostname="DESKTOP-FLJ34K1" failures="0" tests="1" name="org.automation.test_scripts.SimpleTestCase" time="17.339" errors="0" timestamp="2024-02-05T21:42:53 IST" skipped="0">
  <testcase classname="org.automation.test_scripts.SimpleTestCase" name="method1" time="17.339"/>
  <system-out>
    <![CDATA[ChromeBrowser launched!!
browser maximized successfully!!]]>
  </system-out>
</testsuite> <!-- org.automation.test_scripts.SimpleTestCase -->
