<?xml version="1.0" encoding="UTF-8"?>
<!-- Generated by org.testng.reporters.JUnitReportReporter -->
<testsuite hostname="DESKTOP-FLJ34K1" failures="0" tests="1" name="org.automation.test_scripts.UnblockMerchantTestCase" time="21.795" errors="0" timestamp="2024-02-06T09:45:35 IST" skipped="0">
  <testcase classname="org.automation.test_scripts.UnblockMerchantTestCase" name="admin_unblock_merachant_method" time="21.795"/>
  <system-out>
    <![CDATA[ChromeBrowser launched!!
browser maximized successfully!!]]>
  </system-out>
</testsuite> <!-- org.automation.test_scripts.UnblockMerchantTestCase -->
