<?xml version="1.0" encoding="UTF-8"?>
<!-- Generated by org.testng.reporters.JUnitReportReporter -->
<testsuite hostname="DESKTOP-FLJ34K1" failures="0" tests="1" name="org.automation.test_scripts.AdminTestCase2" time="42.833" errors="0" timestamp="2024-02-07T11:12:42 IST" skipped="0">
  <testcase classname="org.automation.test_scripts.AdminTestCase2" name="editMerchantByAdmin" time="42.833">
    <system-out>
      <![CDATA[Execution of the test [editMerchantByAdmin] started
Test [editMerchantByAdmin] passed]]>
    </system-out>
  </testcase> <!-- editMerchantByAdmin -->
  <system-out>
    <![CDATA[ChromeBrowser launched!!
browser maximized successfully!!
Execution of the test [editMerchantByAdmin] started
Test [editMerchantByAdmin] passed]]>
  </system-out>
</testsuite> <!-- org.automation.test_scripts.AdminTestCase2 -->
