<?xml version="1.0" encoding="UTF-8"?>
<!-- Generated by org.testng.reporters.JUnitReportReporter -->
<testsuite hostname="DESKTOP-FLJ34K1" failures="0" tests="2" name="org.automation.test_scripts.ShopperProductSearch" time="59.247" errors="0" timestamp="2024-02-07T11:57:33 IST" skipped="0">
  <testcase classname="org.automation.test_scripts.ShopperProductSearch" name="productSearchMethod" time="31.526">
    <system-out>
      <![CDATA[Execution of the test [productSearchMethod] started
Test [productSearchMethod] passed]]>
    </system-out>
  </testcase> <!-- productSearchMethod -->
  <testcase classname="org.automation.test_scripts.ShopperProductSearch" name="multipleProductSearchMethod" time="27.721">
    <system-out>
      <![CDATA[Execution of the test [multipleProductSearchMethod] started
Test [multipleProductSearchMethod] passed]]>
    </system-out>
  </testcase> <!-- multipleProductSearchMethod -->
  <system-out>
    <![CDATA[ChromeBrowser launched!!
browser maximized successfully!!
Execution of the test [productSearchMethod] started
Test [productSearchMethod] passed
Execution of the test [multipleProductSearchMethod] started
Test [multipleProductSearchMethod] passed]]>
  </system-out>
</testsuite> <!-- org.automation.test_scripts.ShopperProductSearch -->
