<?xml version="1.0" encoding="UTF-8"?>
<!-- Generated by org.testng.reporters.JUnitReportReporter -->
<testsuite hostname="DESKTOP-FLJ34K1" failures="0" tests="1" name="org.automation.test_scripts.AdminTestCase1" time="34.403" errors="0" timestamp="2024-02-07T11:09:56 IST" skipped="0">
  <testcase classname="org.automation.test_scripts.AdminTestCase1" name="unblockMerchantByAdmin" time="34.403">
    <system-out>
      <![CDATA[Execution of the test [unblockMerchantByAdmin] started
Test [unblockMerchantByAdmin] passed]]>
    </system-out>
  </testcase> <!-- unblockMerchantByAdmin -->
  <system-out>
    <![CDATA[ChromeBrowser launched!!
browser maximized successfully!!
Execution of the test [unblockMerchantByAdmin] started
Test [unblockMerchantByAdmin] passed]]>
  </system-out>
</testsuite> <!-- org.automation.test_scripts.AdminTestCase1 -->
