<?xml version="1.0" encoding="UTF-8"?>
<!-- Generated by org.testng.reporters.JUnitReportReporter -->
<testsuite hostname="Tanmay" failures="0" tests="1" name="parameterazionInTestNg.Working_with_parameter" time="4.423" errors="0" timestamp="2024-07-11T10:03:23 IST" skipped="0">
  <testcase classname="parameterazionInTestNg.Working_with_parameter" name="setUp" time="4.423"/>
</testsuite> <!-- parameterazionInTestNg.Working_with_parameter -->
