<?xml version="1.0" encoding="UTF-8"?>
<!-- Generated by org.testng.reporters.JUnitReportReporter -->
<testsuite hostname="DESKTOP-FLJ34K1" failures="0" tests="2" name="parameterazionInTestNg.Working_with_ParametersAnnotation" time="13.765" errors="0" timestamp="2024-05-06T11:46:59 IST" skipped="0">
  <testcase classname="parameterazionInTestNg.Working_with_ParametersAnnotation" name="searchTestCase" time="11.887"/>
  <testcase classname="parameterazionInTestNg.Working_with_ParametersAnnotation" name="searchTestCase" time="1.878"/>
</testsuite> <!-- parameterazionInTestNg.Working_with_ParametersAnnotation -->
