<?xml version="1.0" encoding="UTF-8"?>
<!-- Generated by org.testng.reporters.JUnitReportReporter -->
<testsuite hostname="Tanmay" failures="0" tests="1" name="tests.ReportTest" time="0.660" errors="0" timestamp="2025-08-05T12:14:14 IST" skipped="0">
  <testcase classname="tests.ReportTest" name="searchTest" time="0.660"/>
</testsuite> <!-- tests.ReportTest -->
