<?xml version="1.0" encoding="UTF-8"?>
<!-- Generated by org.testng.reporters.JUnitReportReporter -->
<testsuite hostname="DESKTOP-FLJ34K1" failures="0" tests="3" name="working_with_TestNgExecution.GroupExecution" time="0.005" errors="0" timestamp="2024-05-03T18:10:20 IST" skipped="0">
  <testcase classname="working_with_TestNgExecution.GroupExecution" name="SearchTest" time="0.002"/>
  <testcase classname="working_with_TestNgExecution.GroupExecution" name="RegisterTest" time="0.002"/>
  <testcase classname="working_with_TestNgExecution.GroupExecution" name="LoginTest" time="0.001"/>
</testsuite> <!-- working_with_TestNgExecution.GroupExecution -->
