<?xml version="1.0" encoding="UTF-8"?>
<!-- Generated by org.testng.reporters.JUnitReportReporter -->
<testsuite hostname="Tanmay" failures="0" tests="1" name="excellant.TaskOnNewWindowAndTabManagement" time="3.303" errors="0" timestamp="2024-06-25T16:05:58 IST" skipped="0">
  <testcase classname="excellant.TaskOnNewWindowAndTabManagement" name="newTask" time="3.303"/>
</testsuite> <!-- excellant.TaskOnNewWindowAndTabManagement -->
