<?xml version="1.0" encoding="UTF-8"?>
<!-- Generated by org.testng.reporters.JUnitReportReporter -->
<testsuite hostname="DESKTOP-FLJ34K1" failures="0" tests="3" name="working_with_TestNgExecution.GroupExceution1" time="0.012" errors="0" timestamp="2024-05-03T18:10:20 IST" skipped="0">
  <testcase classname="working_with_TestNgExecution.GroupExceution1" name="AddToCartTest" time="0.008"/>
  <testcase classname="working_with_TestNgExecution.GroupExceution1" name="SubscribeTest" time="0.002"/>
  <testcase classname="working_with_TestNgExecution.GroupExceution1" name="VoteTest" time="0.002"/>
</testsuite> <!-- working_with_TestNgExecution.GroupExceution1 -->
