<?xml version="1.0" encoding="UTF-8"?>
<!-- Generated by org.testng.reporters.JUnitReportReporter -->
<testsuite hostname="Tanmay" failures="0" tests="1" name="tests.ReadAllDataTest" time="2.247" errors="0" timestamp="2024-07-11T15:54:31 IST" skipped="0">
  <testcase classname="tests.ReadAllDataTest" name="readAllData" time="2.247"/>
</testsuite> <!-- tests.ReadAllDataTest -->
