<?xml version="1.0" encoding="UTF-8"?>
<!-- Generated by org.testng.reporters.JUnitReportReporter -->
<testsuite hostname="Tanmay" failures="0" tests="1" name="excellant.GeminiPromptScript" time="5.524" errors="0" timestamp="2024-06-18T10:23:40 IST" skipped="0">
  <testcase classname="excellant.GeminiPromptScript" name="gemeniTest" time="5.524"/>
</testsuite> <!-- excellant.GeminiPromptScript -->
