<?xml version="1.0" encoding="UTF-8"?>
<!-- Generated by org.testng.reporters.JUnitReportReporter -->
<testsuite hostname="DESKTOP-FLJ34K1" failures="0" tests="1" name="excellant.MoveToElementMethod" time="12.545" errors="0" timestamp="2023-06-14T12:37:03 IST" skipped="0">
  <testcase classname="excellant.MoveToElementMethod" name="moveToElementWeb" time="12.545"/>
</testsuite> <!-- excellant.MoveToElementMethod -->
