<?xml version="1.0" encoding="UTF-8"?>
<!-- Generated by org.testng.reporters.JUnitReportReporter -->
<testsuite hostname="DESKTOP-FLJ34K1" failures="0" tests="1" name="excellant.TakesScreenShotOfFullWebPage" time="0.323" errors="0" timestamp="2024-02-08T15:32:02 IST" skipped="0">
  <testcase classname="excellant.TakesScreenShotOfFullWebPage" name="ss" time="0.323"/>
</testsuite> <!-- excellant.TakesScreenShotOfFullWebPage -->
